#
# There is insufficient memory for the Java Runtime Environment to continue.
# Native memory allocation (mmap) failed to map 51380224 bytes for Failed to commit area from 0x000000072ec00000 to 0x0000000731d00000 of length 51380224.
# Possible reasons:
#   The system is out of physical RAM or swap space
#   The process is running with CompressedOops enabled, and the Java Heap may be blocking the growth of the native heap
# Possible solutions:
#   Reduce memory load on the system
#   Increase physical memory or swap space
#   Check if swap backing store is full
#   Decrease Java heap size (-Xmx/-Xms)
#   Decrease number of Java threads
#   Decrease Java thread stack sizes (-Xss)
#   Set larger code cache with -XX:ReservedCodeCacheSize=
#   JVM is running with Zero Based Compressed Oops mode in which the Java heap is
#     placed in the first 32GB address space. The Java Heap base address is the
#     maximum limit for the native heap growth. Please use -XX:HeapBaseMinAddress
#     to set the Java Heap base and to place the Java Heap above 32GB virtual address.
# This output file may be truncated or incomplete.
#
#  Out of Memory Error (./src/hotspot/os/windows/os_windows.cpp:3303), pid=77832, tid=56156
#
# JRE version: OpenJDK Runtime Environment AdoptOpenJDK (11.0.9.1+1) (build 11.0.9.1+1)
# Java VM: OpenJDK 64-Bit Server VM AdoptOpenJDK (11.0.9.1+1, mixed mode, tiered, compressed oops, g1 gc, windows-amd64)
# No core dump will be written. Minidumps are not enabled by default on client versions of Windows
#

---------------  S U M M A R Y ------------

Command Line: -Dcom.sun.management.jmxremote -Dcom.sun.management.jmxremote.port=3950 -Dcom.sun.management.jmxremote.authenticate=false -Dcom.sun.management.jmxremote.ssl=false -Djava.rmi.server.hostname=localhost -Dspring.application.admin.enabled=true -Dspring.jmx.enabled=true -Dfile.encoding=UTF-8 utez.edu.mx.adoptame.e1.AdoptaMeE1Application

Host: AMD Ryzen 3 3200U with Radeon Vega Mobile Gfx  , 4 cores, 13G,  Windows 10 , 64 bit Build 19041 (10.0.19041.1645)
Time: Sat Apr 16 00:04:59 2022 Hora de verano central (México) elapsed time: 17.915330 seconds (0d 0h 0m 17s)

---------------  T H R E A D  ---------------

Current thread (0x000001d4b2765000):  VMThread "VM Thread" [stack: 0x0000004aacd00000,0x0000004aace00000] [id=56156]

Stack: [0x0000004aacd00000,0x0000004aace00000]
[error occurred during error reporting (printing stack bounds), id 0xc0000005, EXCEPTION_ACCESS_VIOLATION (0xc0000005) at pc=0x000001d498570dad]

Native frames: (J=compiled Java code, j=interpreted, Vv=VM code, C=native code)
V  [jvm.dll+0x5f465a]
V  [jvm.dll+0x77c78e]
V  [jvm.dll+0x77de5f]
V  [jvm.dll+0x77e485]
V  [jvm.dll+0x77e43b]
V  [jvm.dll+0x5f3bf3]
V  [jvm.dll+0x5f4308]
C  [ntdll.dll+0xa20cf]
C  [ntdll.dll+0x51454]
C  [ntdll.dll+0xa0bfe]
C  0x000001d498570dad

VM_Operation (0x0000004aae1fb820): CollectForMetadataAllocation, mode: safepoint, requested by thread 0x000001d4b421c800


---------------  P R O C E S S  ---------------

Threads class SMR info:
_java_thread_list=0x000001d4b8bb2f90, length=19, elements={
0x000001d48fe8e000, 0x000001d4b2788800, 0x000001d4b2789000, 0x000001d4b27e5800,
0x000001d4b27e8000, 0x000001d4b27eb000, 0x000001d4b27ee000, 0x000001d4b284f000,
0x000001d4b1f1c000, 0x000001d4b2a07000, 0x000001d4b31da000, 0x000001d4b3201000,
0x000001d4b3232000, 0x000001d4b3fd2800, 0x000001d4b421c800, 0x000001d4b66fa000,
0x000001d4b49bd800, 0x000001d4b8158800, 0x000001d4b4ae3800
}

Java Threads: ( => current thread )
  0x000001d48fe8e000 JavaThread "main" [_thread_blocked, id=78492, stack(0x0000004aac700000,0x0000004aac800000)]
  0x000001d4b2788800 JavaThread "Reference Handler" daemon [_thread_blocked, id=73816, stack(0x0000004aace00000,0x0000004aacf00000)]
  0x000001d4b2789000 JavaThread "Finalizer" daemon [_thread_blocked, id=78692, stack(0x0000004aacf00000,0x0000004aad000000)]
  0x000001d4b27e5800 JavaThread "Signal Dispatcher" daemon [_thread_blocked, id=74348, stack(0x0000004aad000000,0x0000004aad100000)]
  0x000001d4b27e8000 JavaThread "Attach Listener" daemon [_thread_blocked, id=55592, stack(0x0000004aad100000,0x0000004aad200000)]
  0x000001d4b27eb000 JavaThread "C2 CompilerThread0" daemon [_thread_in_native, id=73900, stack(0x0000004aad200000,0x0000004aad300000)]
  0x000001d4b27ee000 JavaThread "C1 CompilerThread0" daemon [_thread_blocked, id=16076, stack(0x0000004aad300000,0x0000004aad400000)]
  0x000001d4b284f000 JavaThread "Sweeper thread" daemon [_thread_blocked, id=73388, stack(0x0000004aad400000,0x0000004aad500000)]
  0x000001d4b1f1c000 JavaThread "Common-Cleaner" daemon [_thread_blocked, id=70560, stack(0x0000004aad500000,0x0000004aad600000)]
  0x000001d4b2a07000 JavaThread "Service Thread" daemon [_thread_blocked, id=70708, stack(0x0000004aad600000,0x0000004aad700000)]
  0x000001d4b31da000 JavaThread "RMI TCP Accept-0" daemon [_thread_in_native, id=72056, stack(0x0000004aad800000,0x0000004aad900000)]
  0x000001d4b3201000 JavaThread "RMI TCP Accept-3950" daemon [_thread_in_native, id=74824, stack(0x0000004aad900000,0x0000004aada00000)]
  0x000001d4b3232000 JavaThread "RMI TCP Accept-0" daemon [_thread_in_native, id=54792, stack(0x0000004aada00000,0x0000004aadb00000)]
  0x000001d4b3fd2800 JavaThread "Thread-0" [_thread_blocked, id=78460, stack(0x0000004aae000000,0x0000004aae100000)]
  0x000001d4b421c800 JavaThread "restartedMain" [_thread_blocked, id=67188, stack(0x0000004aae100000,0x0000004aae200000)]
  0x000001d4b66fa000 JavaThread "Catalina-utility-1" [_thread_blocked, id=71248, stack(0x0000004aae200000,0x0000004aae300000)]
  0x000001d4b49bd800 JavaThread "Catalina-utility-2" [_thread_blocked, id=78840, stack(0x0000004aae300000,0x0000004aae400000)]
  0x000001d4b8158800 JavaThread "container-0" [_thread_blocked, id=71892, stack(0x0000004aae400000,0x0000004aae500000)]
  0x000001d4b4ae3800 JavaThread "mysql-cj-abandoned-connection-cleanup" daemon [_thread_blocked, id=78836, stack(0x0000004aae500000,0x0000004aae600000)]

Other Threads:
=>0x000001d4b2765000 VMThread "VM Thread" [stack: 0x0000004aacd00000,0x0000004aace00000] [id=56156]
  0x000001d4b315a000 WatcherThread [stack: 0x0000004aadb00000,0x0000004aadc00000] [id=55044]
  0x000001d48fea5800 GCTaskThread "GC Thread#0" [stack: 0x0000004aac800000,0x0000004aac900000] [id=78220]
  0x000001d4b31b9800 GCTaskThread "GC Thread#1" [stack: 0x0000004aadc00000,0x0000004aadd00000] [id=76412]
  0x000001d4b3d6a000 GCTaskThread "GC Thread#2" [stack: 0x0000004aadd00000,0x0000004aade00000] [id=77304]
  0x000001d4b3d6b000 GCTaskThread "GC Thread#3" [stack: 0x0000004aade00000,0x0000004aadf00000] [id=78580]
  0x000001d48fef7800 ConcurrentGCThread "G1 Main Marker" [stack: 0x0000004aac900000,0x0000004aaca00000] [id=4784]
  0x000001d48fef9000 ConcurrentGCThread "G1 Conc#0" [stack: 0x0000004aaca00000,0x0000004aacb00000] [id=73016]
  0x000001d4b1dc7800 ConcurrentGCThread "G1 Refine#0" [stack: 0x0000004aacb00000,0x0000004aacc00000] [id=76788]
  0x000001d4b345e000 ConcurrentGCThread "G1 Refine#1" [stack: 0x0000004aadf00000,0x0000004aae000000] [id=73504]
  0x000001d4b1dc8800 ConcurrentGCThread "G1 Young RemSet Sampling" [stack: 0x0000004aacc00000,0x0000004aacd00000] [id=73396]

Threads with active compile tasks:
C2 CompilerThread0  17927 4777       4       sun.net.www.protocol.jar.Handler::parseURL (212 bytes)

VM state:at safepoint (normal execution)

VM Mutex/Monitor currently owned by a thread:  ([mutex/lock_event])
[0x000001d48fe8aad0] Threads_lock - owner thread: 0x000001d4b2765000
[0x000001d48fe8a2f0] Heap_lock - owner thread: 0x000001d4b421c800

Heap address: 0x0000000720c00000, size: 3572 MB, Compressed Oops mode: Zero based, Oop shift amount: 3
Narrow klass base: 0x0000000800000000, Narrow klass shift: 0
Compressed class space size: 1073741824 Address: 0x0000000800000000

Heap:
 garbage-first heap   total 279552K, used 23398K [0x0000000720c00000, 0x0000000800000000)
  region size 1024K, 15 young (15360K), 15 survivors (15360K)
 Metaspace       used 58501K, capacity 59975K, committed 60160K, reserved 1101824K
  class space    used 7317K, capacity 7915K, committed 7936K, reserved 1048576K
Heap Regions: E=young(eden), S=young(survivor), O=old, HS=humongous(starts), HC=humongous(continues), CS=collection set, F=free, A=archive, TAMS=top-at-mark-start (previous, next)
|   0|0x0000000720c00000, 0x0000000720d00000, 0x0000000720d00000|100%|HS|  |TAMS 0x0000000720d00000, 0x0000000720d00000| Complete 
|   1|0x0000000720d00000, 0x0000000720e00000, 0x0000000720e00000|100%| O|  |TAMS 0x0000000720e00000, 0x0000000720e00000| Untracked 
|   2|0x0000000720e00000, 0x0000000720f00000, 0x0000000720f00000|100%| O|  |TAMS 0x0000000720f00000, 0x0000000720f00000| Untracked 
|   3|0x0000000720f00000, 0x0000000721000000, 0x0000000721000000|100%| O|  |TAMS 0x0000000721000000, 0x0000000721000000| Untracked 
|   4|0x0000000721000000, 0x0000000721100000, 0x0000000721100000|100%| O|  |TAMS 0x0000000721100000, 0x0000000721100000| Untracked 
|   5|0x0000000721100000, 0x0000000721200000, 0x0000000721200000|100%| O|  |TAMS 0x0000000721200000, 0x0000000721200000| Untracked 
|   6|0x0000000721200000, 0x0000000721300000, 0x0000000721300000|100%| O|  |TAMS 0x0000000721281e00, 0x0000000721300000| Untracked 
|   7|0x0000000721300000, 0x0000000721400000, 0x0000000721400000|100%| O|  |TAMS 0x0000000721300000, 0x0000000721400000| Untracked 
|   8|0x0000000721400000, 0x00000007214b9800, 0x0000000721500000| 72%| O|  |TAMS 0x0000000721400000, 0x00000007214b9800| Untracked 
|   9|0x0000000721500000, 0x0000000721500000, 0x0000000721600000|  0%| F|  |TAMS 0x0000000721500000, 0x0000000721500000| Untracked 
|  10|0x0000000721600000, 0x0000000721600000, 0x0000000721700000|  0%| F|  |TAMS 0x0000000721600000, 0x0000000721600000| Untracked 
|  11|0x0000000721700000, 0x0000000721700000, 0x0000000721800000|  0%| F|  |TAMS 0x0000000721700000, 0x0000000721700000| Untracked 
|  12|0x0000000721800000, 0x0000000721800000, 0x0000000721900000|  0%| F|  |TAMS 0x0000000721800000, 0x0000000721800000| Untracked 
|  13|0x0000000721900000, 0x0000000721900000, 0x0000000721a00000|  0%| F|  |TAMS 0x0000000721900000, 0x0000000721900000| Untracked 
|  14|0x0000000721a00000, 0x0000000721a00000, 0x0000000721b00000|  0%| F|  |TAMS 0x0000000721a00000, 0x0000000721a00000| Untracked 
|  15|0x0000000721b00000, 0x0000000721b00000, 0x0000000721c00000|  0%| F|  |TAMS 0x0000000721b00000, 0x0000000721b00000| Untracked 
|  16|0x0000000721c00000, 0x0000000721c00000, 0x0000000721d00000|  0%| F|  |TAMS 0x0000000721c00000, 0x0000000721c00000| Untracked 
|  17|0x0000000721d00000, 0x0000000721d00000, 0x0000000721e00000|  0%| F|  |TAMS 0x0000000721d00000, 0x0000000721d00000| Untracked 
|  18|0x0000000721e00000, 0x0000000721e00000, 0x0000000721f00000|  0%| F|  |TAMS 0x0000000721e00000, 0x0000000721e00000| Untracked 
|  19|0x0000000721f00000, 0x0000000721f00000, 0x0000000722000000|  0%| F|  |TAMS 0x0000000721f00000, 0x0000000721f00000| Untracked 
|  20|0x0000000722000000, 0x0000000722000000, 0x0000000722100000|  0%| F|  |TAMS 0x0000000722000000, 0x0000000722000000| Untracked 
|  21|0x0000000722100000, 0x0000000722100000, 0x0000000722200000|  0%| F|  |TAMS 0x0000000722100000, 0x0000000722100000| Untracked 
|  22|0x0000000722200000, 0x0000000722200000, 0x0000000722300000|  0%| F|  |TAMS 0x0000000722200000, 0x0000000722200000| Untracked 
|  23|0x0000000722300000, 0x0000000722300000, 0x0000000722400000|  0%| F|  |TAMS 0x0000000722300000, 0x0000000722300000| Untracked 
|  24|0x0000000722400000, 0x0000000722400000, 0x0000000722500000|  0%| F|  |TAMS 0x0000000722400000, 0x0000000722400000| Untracked 
|  25|0x0000000722500000, 0x0000000722500000, 0x0000000722600000|  0%| F|  |TAMS 0x0000000722500000, 0x0000000722500000| Untracked 
|  26|0x0000000722600000, 0x0000000722600000, 0x0000000722700000|  0%| F|  |TAMS 0x0000000722600000, 0x0000000722600000| Untracked 
|  27|0x0000000722700000, 0x0000000722700000, 0x0000000722800000|  0%| F|  |TAMS 0x0000000722700000, 0x0000000722700000| Untracked 
|  28|0x0000000722800000, 0x0000000722800000, 0x0000000722900000|  0%| F|  |TAMS 0x0000000722800000, 0x0000000722800000| Untracked 
|  29|0x0000000722900000, 0x0000000722900000, 0x0000000722a00000|  0%| F|  |TAMS 0x0000000722900000, 0x0000000722900000| Untracked 
|  30|0x0000000722a00000, 0x0000000722a00000, 0x0000000722b00000|  0%| F|  |TAMS 0x0000000722a00000, 0x0000000722a00000| Untracked 
|  31|0x0000000722b00000, 0x0000000722b00000, 0x0000000722c00000|  0%| F|  |TAMS 0x0000000722b00000, 0x0000000722b00000| Untracked 
|  32|0x0000000722c00000, 0x0000000722c00000, 0x0000000722d00000|  0%| F|  |TAMS 0x0000000722c00000, 0x0000000722c00000| Untracked 
|  33|0x0000000722d00000, 0x0000000722d00000, 0x0000000722e00000|  0%| F|  |TAMS 0x0000000722d00000, 0x0000000722d00000| Untracked 
|  34|0x0000000722e00000, 0x0000000722e00000, 0x0000000722f00000|  0%| F|  |TAMS 0x0000000722e00000, 0x0000000722e00000| Untracked 
|  35|0x0000000722f00000, 0x0000000722f00000, 0x0000000723000000|  0%| F|  |TAMS 0x0000000722f00000, 0x0000000722f00000| Untracked 
|  36|0x0000000723000000, 0x0000000723000000, 0x0000000723100000|  0%| F|  |TAMS 0x0000000723000000, 0x0000000723000000| Untracked 
|  37|0x0000000723100000, 0x0000000723100000, 0x0000000723200000|  0%| F|  |TAMS 0x0000000723100000, 0x0000000723100000| Untracked 
|  38|0x0000000723200000, 0x0000000723200000, 0x0000000723300000|  0%| F|  |TAMS 0x0000000723200000, 0x0000000723200000| Untracked 
|  39|0x0000000723300000, 0x0000000723300000, 0x0000000723400000|  0%| F|  |TAMS 0x0000000723300000, 0x0000000723300000| Untracked 
|  40|0x0000000723400000, 0x0000000723400000, 0x0000000723500000|  0%| F|  |TAMS 0x0000000723400000, 0x0000000723400000| Untracked 
|  41|0x0000000723500000, 0x0000000723500000, 0x0000000723600000|  0%| F|  |TAMS 0x0000000723500000, 0x0000000723500000| Untracked 
|  42|0x0000000723600000, 0x0000000723600000, 0x0000000723700000|  0%| F|  |TAMS 0x0000000723600000, 0x0000000723600000| Untracked 
|  43|0x0000000723700000, 0x0000000723700000, 0x0000000723800000|  0%| F|  |TAMS 0x0000000723700000, 0x0000000723700000| Untracked 
|  44|0x0000000723800000, 0x0000000723800000, 0x0000000723900000|  0%| F|  |TAMS 0x0000000723800000, 0x0000000723800000| Untracked 
|  45|0x0000000723900000, 0x0000000723900000, 0x0000000723a00000|  0%| F|  |TAMS 0x0000000723900000, 0x0000000723900000| Untracked 
|  46|0x0000000723a00000, 0x0000000723a00000, 0x0000000723b00000|  0%| F|  |TAMS 0x0000000723a00000, 0x0000000723a00000| Untracked 
|  47|0x0000000723b00000, 0x0000000723b00000, 0x0000000723c00000|  0%| F|  |TAMS 0x0000000723b00000, 0x0000000723b00000| Untracked 
|  48|0x0000000723c00000, 0x0000000723c00000, 0x0000000723d00000|  0%| F|  |TAMS 0x0000000723c00000, 0x0000000723c00000| Untracked 
|  49|0x0000000723d00000, 0x0000000723d00000, 0x0000000723e00000|  0%| F|  |TAMS 0x0000000723d00000, 0x0000000723d00000| Untracked 
|  50|0x0000000723e00000, 0x0000000723e00000, 0x0000000723f00000|  0%| F|  |TAMS 0x0000000723e00000, 0x0000000723e00000| Untracked 
|  51|0x0000000723f00000, 0x0000000723f00000, 0x0000000724000000|  0%| F|  |TAMS 0x0000000723f00000, 0x0000000723f00000| Untracked 
|  52|0x0000000724000000, 0x0000000724000000, 0x0000000724100000|  0%| F|  |TAMS 0x0000000724000000, 0x0000000724000000| Untracked 
|  53|0x0000000724100000, 0x0000000724100000, 0x0000000724200000|  0%| F|  |TAMS 0x0000000724100000, 0x0000000724100000| Untracked 
|  54|0x0000000724200000, 0x0000000724200000, 0x0000000724300000|  0%| F|  |TAMS 0x0000000724200000, 0x0000000724200000| Untracked 
|  55|0x0000000724300000, 0x0000000724300000, 0x0000000724400000|  0%| F|  |TAMS 0x0000000724300000, 0x0000000724300000| Untracked 
|  56|0x0000000724400000, 0x0000000724400000, 0x0000000724500000|  0%| F|  |TAMS 0x0000000724400000, 0x0000000724400000| Untracked 
|  57|0x0000000724500000, 0x0000000724500000, 0x0000000724600000|  0%| F|  |TAMS 0x0000000724500000, 0x0000000724500000| Untracked 
|  58|0x0000000724600000, 0x0000000724600000, 0x0000000724700000|  0%| F|  |TAMS 0x0000000724600000, 0x0000000724600000| Untracked 
|  59|0x0000000724700000, 0x0000000724700000, 0x0000000724800000|  0%| F|  |TAMS 0x0000000724700000, 0x0000000724700000| Untracked 
|  60|0x0000000724800000, 0x0000000724800000, 0x0000000724900000|  0%| F|  |TAMS 0x0000000724800000, 0x0000000724800000| Untracked 
|  61|0x0000000724900000, 0x0000000724900000, 0x0000000724a00000|  0%| F|  |TAMS 0x0000000724900000, 0x0000000724900000| Untracked 
|  62|0x0000000724a00000, 0x0000000724a00000, 0x0000000724b00000|  0%| F|  |TAMS 0x0000000724a00000, 0x0000000724a00000| Untracked 
|  63|0x0000000724b00000, 0x0000000724b00000, 0x0000000724c00000|  0%| F|  |TAMS 0x0000000724b00000, 0x0000000724b00000| Untracked 
|  64|0x0000000724c00000, 0x0000000724c00000, 0x0000000724d00000|  0%| F|  |TAMS 0x0000000724c00000, 0x0000000724c00000| Untracked 
|  65|0x0000000724d00000, 0x0000000724d00000, 0x0000000724e00000|  0%| F|  |TAMS 0x0000000724d00000, 0x0000000724d00000| Untracked 
|  66|0x0000000724e00000, 0x0000000724e00000, 0x0000000724f00000|  0%| F|  |TAMS 0x0000000724e00000, 0x0000000724e00000| Untracked 
|  67|0x0000000724f00000, 0x0000000724f00000, 0x0000000725000000|  0%| F|  |TAMS 0x0000000724f00000, 0x0000000724f00000| Untracked 
|  68|0x0000000725000000, 0x0000000725000000, 0x0000000725100000|  0%| F|  |TAMS 0x0000000725000000, 0x0000000725000000| Untracked 
|  69|0x0000000725100000, 0x0000000725100000, 0x0000000725200000|  0%| F|  |TAMS 0x0000000725100000, 0x0000000725100000| Untracked 
|  70|0x0000000725200000, 0x0000000725200000, 0x0000000725300000|  0%| F|  |TAMS 0x0000000725200000, 0x0000000725200000| Untracked 
|  71|0x0000000725300000, 0x0000000725300000, 0x0000000725400000|  0%| F|  |TAMS 0x0000000725300000, 0x0000000725300000| Untracked 
|  72|0x0000000725400000, 0x0000000725400000, 0x0000000725500000|  0%| F|  |TAMS 0x0000000725400000, 0x0000000725400000| Untracked 
|  73|0x0000000725500000, 0x0000000725500000, 0x0000000725600000|  0%| F|  |TAMS 0x0000000725500000, 0x0000000725500000| Untracked 
|  74|0x0000000725600000, 0x0000000725600000, 0x0000000725700000|  0%| F|  |TAMS 0x0000000725600000, 0x0000000725600000| Untracked 
|  75|0x0000000725700000, 0x0000000725700000, 0x0000000725800000|  0%| F|  |TAMS 0x0000000725700000, 0x0000000725700000| Untracked 
|  76|0x0000000725800000, 0x0000000725800000, 0x0000000725900000|  0%| F|  |TAMS 0x0000000725800000, 0x0000000725800000| Untracked 
|  77|0x0000000725900000, 0x0000000725900000, 0x0000000725a00000|  0%| F|  |TAMS 0x0000000725900000, 0x0000000725900000| Untracked 
|  78|0x0000000725a00000, 0x0000000725a00000, 0x0000000725b00000|  0%| F|  |TAMS 0x0000000725a00000, 0x0000000725a00000| Untracked 
|  79|0x0000000725b00000, 0x0000000725b00000, 0x0000000725c00000|  0%| F|  |TAMS 0x0000000725b00000, 0x0000000725b00000| Untracked 
|  80|0x0000000725c00000, 0x0000000725c00000, 0x0000000725d00000|  0%| F|  |TAMS 0x0000000725c00000, 0x0000000725c00000| Untracked 
|  81|0x0000000725d00000, 0x0000000725d00000, 0x0000000725e00000|  0%| F|  |TAMS 0x0000000725d00000, 0x0000000725d00000| Untracked 
|  82|0x0000000725e00000, 0x0000000725e00000, 0x0000000725f00000|  0%| F|  |TAMS 0x0000000725e00000, 0x0000000725e00000| Untracked 
|  83|0x0000000725f00000, 0x0000000725f00000, 0x0000000726000000|  0%| F|  |TAMS 0x0000000725f00000, 0x0000000725f00000| Untracked 
|  84|0x0000000726000000, 0x0000000726000000, 0x0000000726100000|  0%| F|  |TAMS 0x0000000726000000, 0x0000000726000000| Untracked 
|  85|0x0000000726100000, 0x0000000726100000, 0x0000000726200000|  0%| F|  |TAMS 0x0000000726100000, 0x0000000726100000| Untracked 
|  86|0x0000000726200000, 0x0000000726200000, 0x0000000726300000|  0%| F|  |TAMS 0x0000000726200000, 0x0000000726200000| Untracked 
|  87|0x0000000726300000, 0x0000000726300000, 0x0000000726400000|  0%| F|  |TAMS 0x0000000726300000, 0x0000000726300000| Untracked 
|  88|0x0000000726400000, 0x0000000726400000, 0x0000000726500000|  0%| F|  |TAMS 0x0000000726400000, 0x0000000726400000| Untracked 
|  89|0x0000000726500000, 0x0000000726500000, 0x0000000726600000|  0%| F|  |TAMS 0x0000000726500000, 0x0000000726500000| Untracked 
|  90|0x0000000726600000, 0x0000000726600000, 0x0000000726700000|  0%| F|  |TAMS 0x0000000726600000, 0x0000000726600000| Untracked 
|  91|0x0000000726700000, 0x0000000726700000, 0x0000000726800000|  0%| F|  |TAMS 0x0000000726700000, 0x0000000726700000| Untracked 
|  92|0x0000000726800000, 0x0000000726800000, 0x0000000726900000|  0%| F|  |TAMS 0x0000000726800000, 0x0000000726800000| Untracked 
|  93|0x0000000726900000, 0x0000000726900000, 0x0000000726a00000|  0%| F|  |TAMS 0x0000000726900000, 0x0000000726900000| Untracked 
|  94|0x0000000726a00000, 0x0000000726a00000, 0x0000000726b00000|  0%| F|  |TAMS 0x0000000726a00000, 0x0000000726a00000| Untracked 
|  95|0x0000000726b00000, 0x0000000726b00000, 0x0000000726c00000|  0%| F|  |TAMS 0x0000000726b00000, 0x0000000726b00000| Untracked 
|  96|0x0000000726c00000, 0x0000000726c00000, 0x0000000726d00000|  0%| F|  |TAMS 0x0000000726c00000, 0x0000000726c00000| Untracked 
|  97|0x0000000726d00000, 0x0000000726d00000, 0x0000000726e00000|  0%| F|  |TAMS 0x0000000726d00000, 0x0000000726d00000| Untracked 
|  98|0x0000000726e00000, 0x0000000726e00000, 0x0000000726f00000|  0%| F|  |TAMS 0x0000000726e00000, 0x0000000726e00000| Untracked 
|  99|0x0000000726f00000, 0x0000000726f00000, 0x0000000727000000|  0%| F|  |TAMS 0x0000000726f00000, 0x0000000726f00000| Untracked 
| 100|0x0000000727000000, 0x0000000727000000, 0x0000000727100000|  0%| F|  |TAMS 0x0000000727000000, 0x0000000727000000| Untracked 
| 101|0x0000000727100000, 0x0000000727100000, 0x0000000727200000|  0%| F|  |TAMS 0x0000000727100000, 0x0000000727100000| Untracked 
| 102|0x0000000727200000, 0x0000000727200000, 0x0000000727300000|  0%| F|  |TAMS 0x0000000727200000, 0x0000000727200000| Untracked 
| 103|0x0000000727300000, 0x0000000727320010, 0x0000000727400000| 12%| S|CS|TAMS 0x0000000727300000, 0x0000000727300000| Complete 
| 104|0x0000000727400000, 0x0000000727500000, 0x0000000727500000|100%| S|CS|TAMS 0x0000000727400000, 0x0000000727400000| Complete 
| 105|0x0000000727500000, 0x0000000727600000, 0x0000000727600000|100%| S|CS|TAMS 0x0000000727500000, 0x0000000727500000| Complete 
| 106|0x0000000727600000, 0x0000000727700000, 0x0000000727700000|100%| S|CS|TAMS 0x0000000727600000, 0x0000000727600000| Complete 
| 107|0x0000000727700000, 0x0000000727800000, 0x0000000727800000|100%| S|CS|TAMS 0x0000000727700000, 0x0000000727700000| Complete 
| 108|0x0000000727800000, 0x0000000727900000, 0x0000000727900000|100%| S|CS|TAMS 0x0000000727800000, 0x0000000727800000| Complete 
| 109|0x0000000727900000, 0x0000000727a00000, 0x0000000727a00000|100%| S|CS|TAMS 0x0000000727900000, 0x0000000727900000| Complete 
| 110|0x0000000727a00000, 0x0000000727b00000, 0x0000000727b00000|100%| S|CS|TAMS 0x0000000727a00000, 0x0000000727a00000| Complete 
| 111|0x0000000727b00000, 0x0000000727c00000, 0x0000000727c00000|100%| S|CS|TAMS 0x0000000727b00000, 0x0000000727b00000| Complete 
| 112|0x0000000727c00000, 0x0000000727d00000, 0x0000000727d00000|100%| S|CS|TAMS 0x0000000727c00000, 0x0000000727c00000| Complete 
| 113|0x0000000727d00000, 0x0000000727e00000, 0x0000000727e00000|100%| S|CS|TAMS 0x0000000727d00000, 0x0000000727d00000| Complete 
| 114|0x0000000727e00000, 0x0000000727f00000, 0x0000000727f00000|100%| S|CS|TAMS 0x0000000727e00000, 0x0000000727e00000| Complete 
| 115|0x0000000727f00000, 0x0000000728000000, 0x0000000728000000|100%| S|CS|TAMS 0x0000000727f00000, 0x0000000727f00000| Complete 
| 116|0x0000000728000000, 0x0000000728100000, 0x0000000728100000|100%| S|CS|TAMS 0x0000000728000000, 0x0000000728000000| Complete 
| 117|0x0000000728100000, 0x0000000728200000, 0x0000000728200000|100%| S|CS|TAMS 0x0000000728100000, 0x0000000728100000| Complete 
| 118|0x0000000728200000, 0x0000000728200000, 0x0000000728300000|  0%| F|  |TAMS 0x0000000728200000, 0x0000000728200000| Untracked 
| 119|0x0000000728300000, 0x0000000728300000, 0x0000000728400000|  0%| F|  |TAMS 0x0000000728300000, 0x0000000728300000| Untracked 
| 120|0x0000000728400000, 0x0000000728400000, 0x0000000728500000|  0%| F|  |TAMS 0x0000000728400000, 0x0000000728400000| Untracked 
| 121|0x0000000728500000, 0x0000000728500000, 0x0000000728600000|  0%| F|  |TAMS 0x0000000728500000, 0x0000000728500000| Untracked 
| 122|0x0000000728600000, 0x0000000728600000, 0x0000000728700000|  0%| F|  |TAMS 0x0000000728600000, 0x0000000728600000| Untracked 
| 123|0x0000000728700000, 0x0000000728700000, 0x0000000728800000|  0%| F|  |TAMS 0x0000000728700000, 0x0000000728700000| Untracked 
| 124|0x0000000728800000, 0x0000000728800000, 0x0000000728900000|  0%| F|  |TAMS 0x0000000728800000, 0x0000000728800000| Untracked 
| 125|0x0000000728900000, 0x0000000728900000, 0x0000000728a00000|  0%| F|  |TAMS 0x0000000728900000, 0x0000000728900000| Untracked 
| 126|0x0000000728a00000, 0x0000000728a00000, 0x0000000728b00000|  0%| F|  |TAMS 0x0000000728a00000, 0x0000000728a00000| Untracked 
| 127|0x0000000728b00000, 0x0000000728b00000, 0x0000000728c00000|  0%| F|  |TAMS 0x0000000728b00000, 0x0000000728b00000| Untracked 
| 128|0x0000000728c00000, 0x0000000728c00000, 0x0000000728d00000|  0%| F|  |TAMS 0x0000000728c00000, 0x0000000728c00000| Untracked 
| 129|0x0000000728d00000, 0x0000000728d00000, 0x0000000728e00000|  0%| F|  |TAMS 0x0000000728d00000, 0x0000000728d00000| Untracked 
| 130|0x0000000728e00000, 0x0000000728e00000, 0x0000000728f00000|  0%| F|  |TAMS 0x0000000728e00000, 0x0000000728e00000| Untracked 
| 131|0x0000000728f00000, 0x0000000728f00000, 0x0000000729000000|  0%| F|  |TAMS 0x0000000728f00000, 0x0000000728f00000| Untracked 
| 132|0x0000000729000000, 0x0000000729000000, 0x0000000729100000|  0%| F|  |TAMS 0x0000000729000000, 0x0000000729000000| Untracked 
| 133|0x0000000729100000, 0x0000000729100000, 0x0000000729200000|  0%| F|  |TAMS 0x0000000729100000, 0x0000000729100000| Untracked 
| 134|0x0000000729200000, 0x0000000729200000, 0x0000000729300000|  0%| F|  |TAMS 0x0000000729200000, 0x0000000729200000| Untracked 
| 135|0x0000000729300000, 0x0000000729300000, 0x0000000729400000|  0%| F|  |TAMS 0x0000000729300000, 0x0000000729300000| Untracked 
| 136|0x0000000729400000, 0x0000000729400000, 0x0000000729500000|  0%| F|  |TAMS 0x0000000729400000, 0x0000000729400000| Untracked 
| 137|0x0000000729500000, 0x0000000729500000, 0x0000000729600000|  0%| F|  |TAMS 0x0000000729500000, 0x0000000729500000| Untracked 
| 138|0x0000000729600000, 0x0000000729600000, 0x0000000729700000|  0%| F|  |TAMS 0x0000000729600000, 0x0000000729600000| Untracked 
| 139|0x0000000729700000, 0x0000000729700000, 0x0000000729800000|  0%| F|  |TAMS 0x0000000729700000, 0x0000000729700000| Untracked 
| 140|0x0000000729800000, 0x0000000729800000, 0x0000000729900000|  0%| F|  |TAMS 0x0000000729800000, 0x0000000729800000| Untracked 
| 141|0x0000000729900000, 0x0000000729900000, 0x0000000729a00000|  0%| F|  |TAMS 0x0000000729900000, 0x0000000729900000| Untracked 
| 142|0x0000000729a00000, 0x0000000729a00000, 0x0000000729b00000|  0%| F|  |TAMS 0x0000000729a00000, 0x0000000729a00000| Untracked 
| 143|0x0000000729b00000, 0x0000000729b00000, 0x0000000729c00000|  0%| F|  |TAMS 0x0000000729b00000, 0x0000000729b00000| Untracked 
| 144|0x0000000729c00000, 0x0000000729c00000, 0x0000000729d00000|  0%| F|  |TAMS 0x0000000729c00000, 0x0000000729c00000| Untracked 
| 145|0x0000000729d00000, 0x0000000729d00000, 0x0000000729e00000|  0%| F|  |TAMS 0x0000000729d00000, 0x0000000729d00000| Untracked 
| 146|0x0000000729e00000, 0x0000000729e00000, 0x0000000729f00000|  0%| F|  |TAMS 0x0000000729e00000, 0x0000000729e00000| Untracked 
| 147|0x0000000729f00000, 0x0000000729f00000, 0x000000072a000000|  0%| F|  |TAMS 0x0000000729f00000, 0x0000000729f00000| Untracked 
| 148|0x000000072a000000, 0x000000072a000000, 0x000000072a100000|  0%| F|  |TAMS 0x000000072a000000, 0x000000072a000000| Untracked 
| 149|0x000000072a100000, 0x000000072a100000, 0x000000072a200000|  0%| F|  |TAMS 0x000000072a100000, 0x000000072a100000| Untracked 
| 150|0x000000072a200000, 0x000000072a200000, 0x000000072a300000|  0%| F|  |TAMS 0x000000072a200000, 0x000000072a200000| Untracked 
| 151|0x000000072a300000, 0x000000072a300000, 0x000000072a400000|  0%| F|  |TAMS 0x000000072a300000, 0x000000072a300000| Untracked 
| 152|0x000000072a400000, 0x000000072a400000, 0x000000072a500000|  0%| F|  |TAMS 0x000000072a400000, 0x000000072a400000| Untracked 
| 153|0x000000072a500000, 0x000000072a500000, 0x000000072a600000|  0%| F|  |TAMS 0x000000072a500000, 0x000000072a500000| Untracked 
| 154|0x000000072a600000, 0x000000072a600000, 0x000000072a700000|  0%| F|  |TAMS 0x000000072a600000, 0x000000072a600000| Untracked 
| 155|0x000000072a700000, 0x000000072a700000, 0x000000072a800000|  0%| F|  |TAMS 0x000000072a700000, 0x000000072a700000| Untracked 
| 156|0x000000072a800000, 0x000000072a800000, 0x000000072a900000|  0%| F|  |TAMS 0x000000072a800000, 0x000000072a800000| Untracked 
| 157|0x000000072a900000, 0x000000072a900000, 0x000000072aa00000|  0%| F|  |TAMS 0x000000072a900000, 0x000000072a900000| Untracked 
| 158|0x000000072aa00000, 0x000000072aa00000, 0x000000072ab00000|  0%| F|  |TAMS 0x000000072aa00000, 0x000000072aa00000| Untracked 
| 159|0x000000072ab00000, 0x000000072ab00000, 0x000000072ac00000|  0%| F|  |TAMS 0x000000072ab00000, 0x000000072ab00000| Untracked 
| 160|0x000000072ac00000, 0x000000072ac00000, 0x000000072ad00000|  0%| F|  |TAMS 0x000000072ac00000, 0x000000072ac00000| Untracked 
| 161|0x000000072ad00000, 0x000000072ad00000, 0x000000072ae00000|  0%| F|  |TAMS 0x000000072ad00000, 0x000000072ad00000| Untracked 
| 162|0x000000072ae00000, 0x000000072ae00000, 0x000000072af00000|  0%| F|  |TAMS 0x000000072ae00000, 0x000000072ae00000| Untracked 
| 163|0x000000072af00000, 0x000000072af00000, 0x000000072b000000|  0%| F|  |TAMS 0x000000072af00000, 0x000000072af00000| Untracked 
| 164|0x000000072b000000, 0x000000072b000000, 0x000000072b100000|  0%| F|  |TAMS 0x000000072b000000, 0x000000072b000000| Untracked 
| 165|0x000000072b100000, 0x000000072b100000, 0x000000072b200000|  0%| F|  |TAMS 0x000000072b100000, 0x000000072b100000| Untracked 
| 166|0x000000072b200000, 0x000000072b200000, 0x000000072b300000|  0%| F|  |TAMS 0x000000072b200000, 0x000000072b200000| Untracked 
| 167|0x000000072b300000, 0x000000072b300000, 0x000000072b400000|  0%| F|  |TAMS 0x000000072b300000, 0x000000072b300000| Untracked 
| 168|0x000000072b400000, 0x000000072b400000, 0x000000072b500000|  0%| F|  |TAMS 0x000000072b400000, 0x000000072b400000| Untracked 
| 169|0x000000072b500000, 0x000000072b500000, 0x000000072b600000|  0%| F|  |TAMS 0x000000072b500000, 0x000000072b500000| Untracked 
| 170|0x000000072b600000, 0x000000072b600000, 0x000000072b700000|  0%| F|  |TAMS 0x000000072b600000, 0x000000072b600000| Untracked 
| 171|0x000000072b700000, 0x000000072b700000, 0x000000072b800000|  0%| F|  |TAMS 0x000000072b700000, 0x000000072b700000| Untracked 
| 172|0x000000072b800000, 0x000000072b800000, 0x000000072b900000|  0%| F|  |TAMS 0x000000072b800000, 0x000000072b800000| Untracked 
| 173|0x000000072b900000, 0x000000072b900000, 0x000000072ba00000|  0%| F|  |TAMS 0x000000072b900000, 0x000000072b900000| Untracked 
| 174|0x000000072ba00000, 0x000000072ba00000, 0x000000072bb00000|  0%| F|  |TAMS 0x000000072ba00000, 0x000000072ba00000| Untracked 
| 175|0x000000072bb00000, 0x000000072bb00000, 0x000000072bc00000|  0%| F|  |TAMS 0x000000072bb00000, 0x000000072bb00000| Untracked 
| 176|0x000000072bc00000, 0x000000072bc00000, 0x000000072bd00000|  0%| F|  |TAMS 0x000000072bc00000, 0x000000072bc00000| Untracked 
| 177|0x000000072bd00000, 0x000000072bd00000, 0x000000072be00000|  0%| F|  |TAMS 0x000000072bd00000, 0x000000072bd00000| Untracked 
| 178|0x000000072be00000, 0x000000072be00000, 0x000000072bf00000|  0%| F|  |TAMS 0x000000072be00000, 0x000000072be00000| Untracked 
| 179|0x000000072bf00000, 0x000000072bf00000, 0x000000072c000000|  0%| F|  |TAMS 0x000000072bf00000, 0x000000072bf00000| Untracked 
| 180|0x000000072c000000, 0x000000072c000000, 0x000000072c100000|  0%| F|  |TAMS 0x000000072c000000, 0x000000072c000000| Untracked 
| 181|0x000000072c100000, 0x000000072c100000, 0x000000072c200000|  0%| F|  |TAMS 0x000000072c100000, 0x000000072c100000| Untracked 
| 182|0x000000072c200000, 0x000000072c200000, 0x000000072c300000|  0%| F|  |TAMS 0x000000072c200000, 0x000000072c200000| Untracked 
| 183|0x000000072c300000, 0x000000072c300000, 0x000000072c400000|  0%| F|  |TAMS 0x000000072c300000, 0x000000072c300000| Untracked 
| 184|0x000000072c400000, 0x000000072c400000, 0x000000072c500000|  0%| F|  |TAMS 0x000000072c400000, 0x000000072c400000| Untracked 
| 185|0x000000072c500000, 0x000000072c500000, 0x000000072c600000|  0%| F|  |TAMS 0x000000072c500000, 0x000000072c500000| Untracked 
| 186|0x000000072c600000, 0x000000072c600000, 0x000000072c700000|  0%| F|  |TAMS 0x000000072c600000, 0x000000072c600000| Untracked 
| 187|0x000000072c700000, 0x000000072c700000, 0x000000072c800000|  0%| F|  |TAMS 0x000000072c700000, 0x000000072c700000| Untracked 
| 188|0x000000072c800000, 0x000000072c800000, 0x000000072c900000|  0%| F|  |TAMS 0x000000072c800000, 0x000000072c800000| Untracked 
| 189|0x000000072c900000, 0x000000072c900000, 0x000000072ca00000|  0%| F|  |TAMS 0x000000072c900000, 0x000000072c900000| Untracked 
| 190|0x000000072ca00000, 0x000000072ca00000, 0x000000072cb00000|  0%| F|  |TAMS 0x000000072ca00000, 0x000000072ca00000| Untracked 
| 191|0x000000072cb00000, 0x000000072cb00000, 0x000000072cc00000|  0%| F|  |TAMS 0x000000072cb00000, 0x000000072cb00000| Untracked 
| 192|0x000000072cc00000, 0x000000072cc00000, 0x000000072cd00000|  0%| F|  |TAMS 0x000000072cc00000, 0x000000072cc00000| Untracked 
| 193|0x000000072cd00000, 0x000000072cd00000, 0x000000072ce00000|  0%| F|  |TAMS 0x000000072cd00000, 0x000000072cd00000| Untracked 
| 194|0x000000072ce00000, 0x000000072ce00000, 0x000000072cf00000|  0%| F|  |TAMS 0x000000072ce00000, 0x000000072ce00000| Untracked 
| 195|0x000000072cf00000, 0x000000072cf00000, 0x000000072d000000|  0%| F|  |TAMS 0x000000072cf00000, 0x000000072cf00000| Untracked 
| 196|0x000000072d000000, 0x000000072d000000, 0x000000072d100000|  0%| F|  |TAMS 0x000000072d000000, 0x000000072d000000| Untracked 
| 197|0x000000072d100000, 0x000000072d100000, 0x000000072d200000|  0%| F|  |TAMS 0x000000072d100000, 0x000000072d100000| Untracked 
| 198|0x000000072d200000, 0x000000072d200000, 0x000000072d300000|  0%| F|  |TAMS 0x000000072d200000, 0x000000072d200000| Untracked 
| 199|0x000000072d300000, 0x000000072d300000, 0x000000072d400000|  0%| F|  |TAMS 0x000000072d300000, 0x000000072d300000| Untracked 
| 200|0x000000072d400000, 0x000000072d400000, 0x000000072d500000|  0%| F|  |TAMS 0x000000072d400000, 0x000000072d400000| Untracked 
| 201|0x000000072d500000, 0x000000072d500000, 0x000000072d600000|  0%| F|  |TAMS 0x000000072d500000, 0x000000072d500000| Untracked 
| 202|0x000000072d600000, 0x000000072d600000, 0x000000072d700000|  0%| F|  |TAMS 0x000000072d600000, 0x000000072d600000| Untracked 
| 203|0x000000072d700000, 0x000000072d700000, 0x000000072d800000|  0%| F|  |TAMS 0x000000072d700000, 0x000000072d700000| Untracked 
| 204|0x000000072d800000, 0x000000072d800000, 0x000000072d900000|  0%| F|  |TAMS 0x000000072d800000, 0x000000072d800000| Untracked 
| 205|0x000000072d900000, 0x000000072d900000, 0x000000072da00000|  0%| F|  |TAMS 0x000000072d900000, 0x000000072d900000| Untracked 
| 206|0x000000072da00000, 0x000000072da00000, 0x000000072db00000|  0%| F|  |TAMS 0x000000072da00000, 0x000000072da00000| Untracked 
| 207|0x000000072db00000, 0x000000072db00000, 0x000000072dc00000|  0%| F|  |TAMS 0x000000072db00000, 0x000000072db00000| Untracked 
| 208|0x000000072dc00000, 0x000000072dc00000, 0x000000072dd00000|  0%| F|  |TAMS 0x000000072dc00000, 0x000000072dc00000| Untracked 
| 209|0x000000072dd00000, 0x000000072dd00000, 0x000000072de00000|  0%| F|  |TAMS 0x000000072dd00000, 0x000000072dd00000| Untracked 
| 210|0x000000072de00000, 0x000000072de00000, 0x000000072df00000|  0%| F|  |TAMS 0x000000072de00000, 0x000000072de00000| Untracked 
| 211|0x000000072df00000, 0x000000072df00000, 0x000000072e000000|  0%| F|  |TAMS 0x000000072df00000, 0x000000072df00000| Untracked 
| 212|0x000000072e000000, 0x000000072e000000, 0x000000072e100000|  0%| F|  |TAMS 0x000000072e000000, 0x000000072e000000| Untracked 
| 213|0x000000072e100000, 0x000000072e100000, 0x000000072e200000|  0%| F|  |TAMS 0x000000072e100000, 0x000000072e100000| Untracked 
| 214|0x000000072e200000, 0x000000072e200000, 0x000000072e300000|  0%| F|  |TAMS 0x000000072e200000, 0x000000072e200000| Untracked 
| 215|0x000000072e300000, 0x000000072e300000, 0x000000072e400000|  0%| F|  |TAMS 0x000000072e300000, 0x000000072e300000| Untracked 
| 216|0x000000072e400000, 0x000000072e400000, 0x000000072e500000|  0%| F|  |TAMS 0x000000072e400000, 0x000000072e400000| Untracked 
| 217|0x000000072e500000, 0x000000072e500000, 0x000000072e600000|  0%| F|  |TAMS 0x000000072e500000, 0x000000072e500000| Untracked 
| 218|0x000000072e600000, 0x000000072e600000, 0x000000072e700000|  0%| F|  |TAMS 0x000000072e600000, 0x000000072e600000| Untracked 
| 219|0x000000072e700000, 0x000000072e700000, 0x000000072e800000|  0%| F|  |TAMS 0x000000072e700000, 0x000000072e700000| Untracked 
| 220|0x000000072e800000, 0x000000072e800000, 0x000000072e900000|  0%| F|  |TAMS 0x000000072e800000, 0x000000072e800000| Untracked 
| 221|0x000000072e900000, 0x000000072e900000, 0x000000072ea00000|  0%| F|  |TAMS 0x000000072e900000, 0x000000072e900000| Untracked 
| 222|0x000000072ea00000, 0x000000072ea00000, 0x000000072eb00000|  0%| F|  |TAMS 0x000000072ea00000, 0x000000072ea00000| Untracked 
| 223|0x000000072eb00000, 0x000000072eb00000, 0x000000072ec00000|  0%| F|  |TAMS 0x000000072eb00000, 0x000000072eb00000| Untracked 

Card table byte_map: [0x000001d4a7c70000,0x000001d4a8370000] _byte_map_base: 0x000001d4a436a000

Marking Bits (Prev, Next): (CMBitMap*) 0x000001d48fee8c88, (CMBitMap*) 0x000001d48fee8cc0
 Prev Bits: [0x000001d4a8a70000, 0x000001d4ac240000)
 Next Bits: [0x000001d4ac240000, 0x000001d4afa10000)

Polling page: 0x000001d48de70000

Metaspace:

Usage:
  Non-class:     50.84 MB capacity,    49.99 MB ( 98%) used,   693.46 KB (  1%) free+waste,   181.75 KB ( <1%) overhead. 
      Class:      7.73 MB capacity,     7.15 MB ( 92%) used,   511.77 KB (  6%) free+waste,    86.06 KB (  1%) overhead. 
       Both:     58.57 MB capacity,    57.13 MB ( 98%) used,     1.18 MB (  2%) free+waste,   267.81 KB ( <1%) overhead. 

Virtual space:
  Non-class space:       52.00 MB reserved,      51.00 MB ( 98%) committed 
      Class space:        1.00 GB reserved,       7.75 MB ( <1%) committed 
             Both:        1.05 GB reserved,      58.75 MB (  5%) committed 

Chunk freelists:
   Non-Class:  36.00 KB
       Class:  21.00 KB
        Both:  57.00 KB

MaxMetaspaceSize: 17179869184.00 GB
CompressedClassSpaceSize: 1.00 GB

CodeHeap 'non-profiled nmethods': size=120064Kb used=2959Kb max_used=2959Kb free=117104Kb
 bounds [0x000001d4a0030000, 0x000001d4a0320000, 0x000001d4a7570000]
CodeHeap 'profiled nmethods': size=120000Kb used=10696Kb max_used=10696Kb free=109304Kb
 bounds [0x000001d498b00000, 0x000001d499580000, 0x000001d4a0030000]
CodeHeap 'non-nmethods': size=5696Kb used=1238Kb max_used=1261Kb free=4457Kb
 bounds [0x000001d498570000, 0x000001d4987e0000, 0x000001d498b00000]
 total_blobs=5174 nmethods=4572 adapters=512
 compilation: enabled
              stopped_count=0, restarted_count=0
 full_count=0

Compilation events (20 events):
Event: 17.743 Thread 0x000001d4b27eb000 nmethod 4776 0x000001d4a0313210 code [0x000001d4a03133a0, 0x000001d4a0313c78]
Event: 17.754 Thread 0x000001d4b27eb000 4777       4       sun.net.www.protocol.jar.Handler::parseURL (212 bytes)
Event: 17.786 Thread 0x000001d4b27ee000 4780       3       org.hibernate.internal.util.collections.JoinedIterator::updateCurrentIterator (101 bytes)
Event: 17.787 Thread 0x000001d4b27ee000 nmethod 4780 0x000001d499571f10 code [0x000001d499572120, 0x000001d4995727a8]
Event: 17.839 Thread 0x000001d4b27ee000 4782       1       org.hibernate.event.spi.EventType::ordinal (5 bytes)
Event: 17.840 Thread 0x000001d4b27ee000 nmethod 4782 0x000001d4a0313d90 code [0x000001d4a0313f40, 0x000001d4a0313ff8]
Event: 17.845 Thread 0x000001d4b27ee000 4783       3       org.hibernate.event.service.internal.EventListenerRegistryImpl$Builder$$Lambda$837/0x0000000800797040::apply (11 bytes)
Event: 17.846 Thread 0x000001d4b27ee000 nmethod 4783 0x000001d499572990 code [0x000001d499572b80, 0x000001d499573038]
Event: 17.852 Thread 0x000001d4b27ee000 4784       3       java.util.concurrent.ConcurrentHashMap::getOrDefault (16 bytes)
Event: 17.853 Thread 0x000001d4b27ee000 nmethod 4784 0x000001d499573210 code [0x000001d4995733c0, 0x000001d499573568]
Event: 17.853 Thread 0x000001d4b27ee000 4785       3       java.util.stream.ReferencePipeline::iterator (8 bytes)
Event: 17.853 Thread 0x000001d4b27ee000 nmethod 4785 0x000001d499573610 code [0x000001d499573800, 0x000001d499573cf8]
Event: 17.853 Thread 0x000001d4b27ee000 4786       3       java.util.Spliterators::iterator (14 bytes)
Event: 17.854 Thread 0x000001d4b27ee000 nmethod 4786 0x000001d499573e90 code [0x000001d499574080, 0x000001d499574448]
Event: 17.854 Thread 0x000001d4b27ee000 4787       3       java.util.Spliterators$1Adapter::<init> (15 bytes)
Event: 17.854 Thread 0x000001d4b27ee000 nmethod 4787 0x000001d499574590 code [0x000001d499574740, 0x000001d4995748f8]
Event: 17.855 Thread 0x000001d4b27ee000 4788       3       org.hibernate.event.service.internal.EventListenerRegistryImpl$Builder$$Lambda$840/0x0000000800796c40::apply (11 bytes)
Event: 17.855 Thread 0x000001d4b27ee000 nmethod 4788 0x000001d499574990 code [0x000001d499574b80, 0x000001d499575038]
Event: 17.862 Thread 0x000001d4b27ee000 4789       3       java.lang.PublicMethods$Key::equals (52 bytes)
Event: 17.862 Thread 0x000001d4b27ee000 nmethod 4789 0x000001d499575210 code [0x000001d4995753e0, 0x000001d499575868]

GC Heap History (17 events):
Event: 1.717 GC heap before
{Heap before GC invocations=0 (full 0):
 garbage-first heap   total 229376K, used 15360K [0x0000000720c00000, 0x0000000800000000)
  region size 1024K, 14 young (14336K), 0 survivors (0K)
 Metaspace       used 12607K, capacity 12994K, committed 13184K, reserved 1060864K
  class space    used 1268K, capacity 1406K, committed 1408K, reserved 1048576K
}
Event: 1.763 GC heap after
{Heap after GC invocations=1 (full 0):
 garbage-first heap   total 229376K, used 6586K [0x0000000720c00000, 0x0000000800000000)
  region size 1024K, 2 young (2048K), 2 survivors (2048K)
 Metaspace       used 12607K, capacity 12994K, committed 13184K, reserved 1060864K
  class space    used 1268K, capacity 1406K, committed 1408K, reserved 1048576K
}
Event: 2.094 GC heap before
{Heap before GC invocations=1 (full 0):
 garbage-first heap   total 229376K, used 15802K [0x0000000720c00000, 0x0000000800000000)
  region size 1024K, 11 young (11264K), 2 survivors (2048K)
 Metaspace       used 14792K, capacity 15158K, committed 15232K, reserved 1062912K
  class space    used 1485K, capacity 1617K, committed 1664K, reserved 1048576K
}
Event: 2.098 GC heap after
{Heap after GC invocations=2 (full 0):
 garbage-first heap   total 229376K, used 7554K [0x0000000720c00000, 0x0000000800000000)
  region size 1024K, 1 young (1024K), 1 survivors (1024K)
 Metaspace       used 14792K, capacity 15158K, committed 15232K, reserved 1062912K
  class space    used 1485K, capacity 1617K, committed 1664K, reserved 1048576K
}
Event: 2.300 GC heap before
{Heap before GC invocations=2 (full 0):
 garbage-first heap   total 229376K, used 29058K [0x0000000720c00000, 0x0000000800000000)
  region size 1024K, 23 young (23552K), 1 survivors (1024K)
 Metaspace       used 15968K, capacity 16380K, committed 16640K, reserved 1064960K
  class space    used 1629K, capacity 1770K, committed 1792K, reserved 1048576K
}
Event: 2.303 GC heap after
{Heap after GC invocations=3 (full 0):
 garbage-first heap   total 229376K, used 7886K [0x0000000720c00000, 0x0000000800000000)
  region size 1024K, 2 young (2048K), 2 survivors (2048K)
 Metaspace       used 15968K, capacity 16380K, committed 16640K, reserved 1064960K
  class space    used 1629K, capacity 1770K, committed 1792K, reserved 1048576K
}
Event: 2.566 GC heap before
{Heap before GC invocations=3 (full 0):
 garbage-first heap   total 229376K, used 41678K [0x0000000720c00000, 0x0000000800000000)
  region size 1024K, 36 young (36864K), 2 survivors (2048K)
 Metaspace       used 16971K, capacity 17491K, committed 17664K, reserved 1064960K
  class space    used 1775K, capacity 1954K, committed 2048K, reserved 1048576K
}
Event: 2.570 GC heap after
{Heap after GC invocations=4 (full 0):
 garbage-first heap   total 229376K, used 8172K [0x0000000720c00000, 0x0000000800000000)
  region size 1024K, 2 young (2048K), 2 survivors (2048K)
 Metaspace       used 16971K, capacity 17491K, committed 17664K, reserved 1064960K
  class space    used 1775K, capacity 1954K, committed 2048K, reserved 1048576K
}
Event: 3.129 GC heap before
{Heap before GC invocations=4 (full 0):
 garbage-first heap   total 229376K, used 28652K [0x0000000720c00000, 0x0000000800000000)
  region size 1024K, 23 young (23552K), 2 survivors (2048K)
 Metaspace       used 20539K, capacity 21114K, committed 21248K, reserved 1069056K
  class space    used 2257K, capacity 2486K, committed 2560K, reserved 1048576K
}
Event: 3.134 GC heap after
{Heap after GC invocations=5 (full 0):
 garbage-first heap   total 229376K, used 9276K [0x0000000720c00000, 0x0000000800000000)
  region size 1024K, 3 young (3072K), 3 survivors (3072K)
 Metaspace       used 20539K, capacity 21114K, committed 21248K, reserved 1069056K
  class space    used 2257K, capacity 2486K, committed 2560K, reserved 1048576K
}
Event: 5.238 GC heap before
{Heap before GC invocations=6 (full 0):
 garbage-first heap   total 229376K, used 142396K [0x0000000720c00000, 0x0000000800000000)
  region size 1024K, 134 young (137216K), 3 survivors (3072K)
 Metaspace       used 32332K, capacity 33299K, committed 33408K, reserved 1079296K
  class space    used 3787K, capacity 4180K, committed 4224K, reserved 1048576K
}
Event: 5.250 GC heap after
{Heap after GC invocations=7 (full 0):
 garbage-first heap   total 229376K, used 12777K [0x0000000720c00000, 0x0000000800000000)
  region size 1024K, 6 young (6144K), 6 survivors (6144K)
 Metaspace       used 32332K, capacity 33299K, committed 33408K, reserved 1079296K
  class space    used 3787K, capacity 4180K, committed 4224K, reserved 1048576K
}
Event: 6.183 GC heap before
{Heap before GC invocations=7 (full 0):
 garbage-first heap   total 229376K, used 46569K [0x0000000720c00000, 0x0000000800000000)
  region size 1024K, 40 young (40960K), 6 survivors (6144K)
 Metaspace       used 34825K, capacity 35744K, committed 35840K, reserved 1081344K
  class space    used 4122K, capacity 4521K, committed 4608K, reserved 1048576K
}
Event: 6.200 GC heap after
{Heap after GC invocations=8 (full 0):
 garbage-first heap   total 229376K, used 13792K [0x0000000720c00000, 0x0000000800000000)
  region size 1024K, 7 young (7168K), 7 survivors (7168K)
 Metaspace       used 34825K, capacity 35744K, committed 35840K, reserved 1081344K
  class space    used 4122K, capacity 4521K, committed 4608K, reserved 1048576K
}
Event: 9.043 GC heap before
{Heap before GC invocations=9 (full 0):
 garbage-first heap   total 229376K, used 142816K [0x0000000720c00000, 0x0000000800000000)
  region size 1024K, 134 young (137216K), 7 survivors (7168K)
 Metaspace       used 41752K, capacity 42997K, committed 43264K, reserved 1087488K
  class space    used 5045K, capacity 5542K, committed 5632K, reserved 1048576K
}
Event: 9.060 GC heap after
{Heap after GC invocations=10 (full 0):
 garbage-first heap   total 229376K, used 17841K [0x0000000720c00000, 0x0000000800000000)
  region size 1024K, 11 young (11264K), 11 survivors (11264K)
 Metaspace       used 41752K, capacity 42997K, committed 43264K, reserved 1087488K
  class space    used 5045K, capacity 5542K, committed 5632K, reserved 1048576K
}
Event: 17.889 GC heap before
{Heap before GC invocations=10 (full 0):
 garbage-first heap   total 229376K, used 124337K [0x0000000720c00000, 0x0000000800000000)
  region size 1024K, 117 young (119808K), 11 survivors (11264K)
 Metaspace       used 58501K, capacity 59975K, committed 60160K, reserved 1101824K
  class space    used 7317K, capacity 7915K, committed 7936K, reserved 1048576K
}

Deoptimization events (20 events):
Event: 11.333 Thread 0x000001d4b421c800 Uncommon trap: trap_request=0xffffff4d fr.pc=0x000001d4a012e7c0 relative=0x00000000000001a0
Event: 11.333 Thread 0x000001d4b421c800 Uncommon trap: reason=unstable_if action=reinterpret pc=0x000001d4a012e7c0 method=java.nio.Buffer.<init>(IIII)V @ 44 c2
Event: 11.333 Thread 0x000001d4b421c800 DEOPT PACKING pc=0x000001d4a012e7c0 sp=0x0000004aae1fbd50
Event: 11.333 Thread 0x000001d4b421c800 DEOPT UNPACKING pc=0x000001d49859772f sp=0x0000004aae1fbcb0 mode 2
Event: 11.386 Thread 0x000001d4b421c800 DEOPT PACKING pc=0x000001d498b1c270 sp=0x0000004aae1fbbb0
Event: 11.386 Thread 0x000001d4b421c800 DEOPT UNPACKING pc=0x000001d49859754e sp=0x0000004aae1fb068 mode 0
Event: 11.415 Thread 0x000001d4b421c800 DEOPT PACKING pc=0x000001d498b1c270 sp=0x0000004aae1fba40
Event: 11.415 Thread 0x000001d4b421c800 DEOPT UNPACKING pc=0x000001d49859754e sp=0x0000004aae1faef8 mode 0
Event: 11.598 Thread 0x000001d4b421c800 Uncommon trap: trap_request=0xffffff4d fr.pc=0x000001d4a012d8d0 relative=0x00000000000000b0
Event: 11.598 Thread 0x000001d4b421c800 Uncommon trap: reason=unstable_if action=reinterpret pc=0x000001d4a012d8d0 method=java.nio.Buffer.<init>(IIII)V @ 44 c2
Event: 11.598 Thread 0x000001d4b421c800 DEOPT PACKING pc=0x000001d4a012d8d0 sp=0x0000004aae1fbd10
Event: 11.598 Thread 0x000001d4b421c800 DEOPT UNPACKING pc=0x000001d49859772f sp=0x0000004aae1fbc98 mode 2
Event: 13.784 Thread 0x000001d4b421c800 DEOPT PACKING pc=0x000001d498bd0adb sp=0x0000004aae1fb870
Event: 13.784 Thread 0x000001d4b421c800 DEOPT UNPACKING pc=0x000001d49859754e sp=0x0000004aae1faca0 mode 0
Event: 14.681 Thread 0x000001d4b4ae3800 Uncommon trap: trap_request=0xffffff4d fr.pc=0x000001d4a02a1e70 relative=0x0000000000001ed0
Event: 14.681 Thread 0x000001d4b4ae3800 Uncommon trap: reason=unstable_if action=reinterpret pc=0x000001d4a02a1e70 method=java.net.URL.<init>(Ljava/net/URL;Ljava/lang/String;Ljava/net/URLStreamHandler;)V @ 57 c2
Event: 14.681 Thread 0x000001d4b4ae3800 DEOPT PACKING pc=0x000001d4a02a1e70 sp=0x0000004aae5feaa0
Event: 14.681 Thread 0x000001d4b4ae3800 DEOPT UNPACKING pc=0x000001d49859772f sp=0x0000004aae5fea60 mode 2
Event: 17.577 Thread 0x000001d4b421c800 DEOPT PACKING pc=0x000001d498b0029f sp=0x0000004aae1fc160
Event: 17.577 Thread 0x000001d4b421c800 DEOPT UNPACKING pc=0x000001d49859754e sp=0x0000004aae1fb5d8 mode 0

Classes redefined (0 events):
No events

Internal exceptions (20 events):
Event: 7.593 Thread 0x000001d4b421c800 Exception <a 'java/lang/ClassNotFoundException'{0x000000072c01e810}: org/springframework/aop/AdvisorCustomizer> (0x000000072c01e810) thrown at [./src/hotspot/share/classfile/systemDictionary.cpp, line 231]
Event: 7.596 Thread 0x000001d4b421c800 Exception <a 'java/lang/ClassNotFoundException'{0x000000072c02e570}: org/springframework/core/OrderedCustomizer> (0x000000072c02e570) thrown at [./src/hotspot/share/classfile/systemDictionary.cpp, line 231]
Event: 7.824 Thread 0x000001d4b421c800 Implicit null exception at 0x000001d4a00bf150 to 0x000001d4a00bf5c0
Event: 7.880 Thread 0x000001d4b421c800 Exception <a 'java/lang/NoSuchMethodError'{0x000000072ba27eb8}: 'void java.lang.invoke.DelegatingMethodHandle$Holder.delegate(java.lang.Object, java.lang.Object, int, java.lang.Object)'> (0x000000072ba27eb8) thrown at [./src/hotspot/share/interpreter/linkResolver.cpp, line 773]
Event: 8.044 Thread 0x000001d4b421c800 Exception <a 'java/lang/NoSuchMethodError'{0x000000072b8b0d10}: 'void java.lang.invoke.DirectMethodHandle$Holder.invokeInterface(java.lang.Object, java.lang.Object, int)'> (0x000000072b8b0d10) thrown at [./src/hotspot/share/interpreter/linkResolver.cpp, line 773]
Event: 8.066 Thread 0x000001d4b421c800 Exception <a 'java/lang/IncompatibleClassChangeError'{0x000000072b702228}: Found class java.lang.Object, but interface was expected> (0x000000072b702228) thrown at [./src/hotspot/share/interpreter/linkResolver.cpp, line 839]
Event: 8.067 Thread 0x000001d4b421c800 Exception <a 'java/lang/NoSuchMethodError'{0x000000072b707660}: 'void java.lang.invoke.DirectMethodHandle$Holder.invokeStatic(java.lang.Object, int, java.lang.Object)'> (0x000000072b707660) thrown at [./src/hotspot/share/interpreter/linkResolver.cpp, line 773]
Event: 8.589 Thread 0x000001d4b421c800 Exception <a 'sun/nio/fs/WindowsException'{0x0000000727d16078}> (0x0000000727d16078) thrown at [./src/hotspot/share/prims/jni.cpp, line 615]
Event: 8.623 Thread 0x000001d4b421c800 Exception <a 'sun/nio/fs/WindowsException'{0x0000000727d1be88}> (0x0000000727d1be88) thrown at [./src/hotspot/share/prims/jni.cpp, line 615]
Event: 8.623 Thread 0x000001d4b421c800 Exception <a 'sun/nio/fs/WindowsException'{0x0000000727d1c560}> (0x0000000727d1c560) thrown at [./src/hotspot/share/prims/jni.cpp, line 615]
Event: 8.987 Thread 0x000001d4b421c800 Implicit null exception at 0x000001d4a01046e0 to 0x000001d4a0105ea8
Event: 9.226 Thread 0x000001d4b421c800 Exception <a 'java/io/FileNotFoundException'{0x000000072d688ec0}> (0x000000072d688ec0) thrown at [./src/hotspot/share/prims/jni.cpp, line 615]
Event: 9.280 Thread 0x000001d4b421c800 Exception <a 'java/lang/NoSuchMethodError'{0x000000072d4c7330}: 'int java.lang.invoke.DirectMethodHandle$Holder.invokeInterface(java.lang.Object, java.lang.Object, java.lang.Object, java.lang.Object)'> (0x000000072d4c7330) thrown at [./src/hotspot/share/interpreter/linkResolver.cpp, line 773]
Event: 9.478 Thread 0x000001d4b421c800 Exception <a 'java/io/FileNotFoundException'{0x000000072cfc0500}> (0x000000072cfc0500) thrown at [./src/hotspot/share/prims/jni.cpp, line 615]
Event: 9.596 Thread 0x000001d4b421c800 Implicit null exception at 0x000001d4a026fd1a to 0x000001d4a0270480
Event: 9.761 Thread 0x000001d4b421c800 Implicit null exception at 0x000001d4a01b016f to 0x000001d4a01b0508
Event: 11.055 Thread 0x000001d4b421c800 Exception <a 'sun/nio/fs/WindowsException'{0x000000072a1313c0}> (0x000000072a1313c0) thrown at [./src/hotspot/share/prims/jni.cpp, line 615]
Event: 11.070 Thread 0x000001d4b421c800 Exception <a 'java/lang/NoSuchMethodError'{0x000000072a154560}: 'int java.lang.invoke.DirectMethodHandle$Holder.invokeStaticInit(java.lang.Object, java.lang.Object, java.lang.Object, java.lang.Object)'> (0x000000072a154560) thrown at [./src/hotspot/share/interpreter/linkResolver.cpp, line 773]
Event: 16.854 Thread 0x000001d4b421c800 Exception <a 'java/lang/NoClassDefFoundError'{0x000000072967deb8}: sun/reflect/Reflection> (0x000000072967deb8) thrown at [./src/hotspot/share/classfile/systemDictionary.cpp, line 220]
Event: 17.770 Thread 0x000001d4b421c800 Exception <a 'java/lang/NoSuchMethodError'{0x000000072873a9c8}: 'java.lang.Object java.lang.invoke.DirectMethodHandle$Holder.newInvokeSpecial(java.lang.Object, java.lang.Object, int, java.lang.Object, java.lang.Object)'> (0x000000072873a9c8) thrown at [./src/hotspot/share/interpreter/linkResolver.cpp, line 773]

Events (20 events):
Event: 17.883 loading class org/hibernate/internal/util/collections/BoundedConcurrentHashMap$Eviction$2 done
Event: 17.883 loading class org/hibernate/internal/util/collections/BoundedConcurrentHashMap$Eviction$3
Event: 17.883 loading class org/hibernate/internal/util/collections/BoundedConcurrentHashMap$Eviction$3 done
Event: 17.884 loading class org/hibernate/internal/util/collections/BoundedConcurrentHashMap$EvictionPolicy
Event: 17.884 loading class org/hibernate/internal/util/collections/BoundedConcurrentHashMap$EvictionPolicy done
Event: 17.884 loading class org/hibernate/internal/util/collections/BoundedConcurrentHashMap$NullEvictionListener
Event: 17.884 loading class org/hibernate/internal/util/collections/BoundedConcurrentHashMap$NullEvictionListener done
Event: 17.884 loading class org/hibernate/internal/util/collections/BoundedConcurrentHashMap$Segment
Event: 17.884 loading class org/hibernate/internal/util/collections/BoundedConcurrentHashMap$Segment done
Event: 17.886 loading class org/hibernate/internal/util/collections/BoundedConcurrentHashMap$LIRS
Event: 17.886 loading class org/hibernate/internal/util/collections/BoundedConcurrentHashMap$LIRS done
Event: 17.887 loading class org/hibernate/internal/util/collections/BoundedConcurrentHashMap$HashEntry
Event: 17.887 loading class org/hibernate/internal/util/collections/BoundedConcurrentHashMap$HashEntry done
Event: 17.888 loading class org/hibernate/internal/util/collections/BoundedConcurrentHashMap$LIRSHashEntry
Event: 17.888 loading class org/hibernate/internal/util/collections/BoundedConcurrentHashMap$LIRSHashEntry done
Event: 17.889 loading class org/hibernate/internal/util/collections/BoundedConcurrentHashMap$Recency
Event: 17.889 loading class org/hibernate/internal/util/collections/BoundedConcurrentHashMap$Recency done
Event: 17.889 loading class org/hibernate/engine/query/internal/NativeQueryInterpreterStandardImpl
Event: 17.889 loading class org/hibernate/engine/query/internal/NativeQueryInterpreterStandardImpl done
Event: 17.889 Executing VM operation: CollectForMetadataAllocation


Dynamic libraries:
0x00007ff711340000 - 0x00007ff71134d000 	C:\Program Files\AdoptOpenJDK\jdk-11.0.9.101-hotspot\bin\java.exe
0x00007ff82a570000 - 0x00007ff82a765000 	C:\windows\SYSTEM32\ntdll.dll
0x00007ff8293d0000 - 0x00007ff82948e000 	C:\windows\System32\KERNEL32.DLL
0x00007ff828120000 - 0x00007ff8283e8000 	C:\windows\System32\KERNELBASE.dll
0x00007ff8283f0000 - 0x00007ff8284f0000 	C:\windows\System32\ucrtbase.dll
0x00007ff816170000 - 0x00007ff816187000 	C:\Program Files\AdoptOpenJDK\jdk-11.0.9.101-hotspot\bin\jli.dll
0x00007ff818dd0000 - 0x00007ff818de5000 	C:\Program Files\AdoptOpenJDK\jdk-11.0.9.101-hotspot\bin\VCRUNTIME140.dll
0x00007ff829be0000 - 0x00007ff829d80000 	C:\windows\System32\USER32.dll
0x00007ff8285a0000 - 0x00007ff8285c2000 	C:\windows\System32\win32u.dll
0x00007ff828a80000 - 0x00007ff828aaa000 	C:\windows\System32\GDI32.dll
0x00007ff80fd80000 - 0x00007ff81001a000 	C:\windows\WinSxS\amd64_microsoft.windows.common-controls_6595b64144ccf1df_6.0.19041.1110_none_60b5254171f9507e\COMCTL32.dll
0x00007ff827ee0000 - 0x00007ff827feb000 	C:\windows\System32\gdi32full.dll
0x00007ff828680000 - 0x00007ff82871e000 	C:\windows\System32\msvcrt.dll
0x00007ff827ce0000 - 0x00007ff827d7d000 	C:\windows\System32\msvcp_win.dll
0x00007ff8291f0000 - 0x00007ff829220000 	C:\windows\System32\IMM32.DLL
0x00007ffffa730000 - 0x00007ffffa7cb000 	C:\Program Files\AdoptOpenJDK\jdk-11.0.9.101-hotspot\bin\msvcp140.dll
0x00007fffd6620000 - 0x00007fffd7163000 	C:\Program Files\AdoptOpenJDK\jdk-11.0.9.101-hotspot\bin\server\jvm.dll
0x00007ff8285d0000 - 0x00007ff82867e000 	C:\windows\System32\ADVAPI32.dll
0x00007ff828720000 - 0x00007ff8287bc000 	C:\windows\System32\sechost.dll
0x00007ff829980000 - 0x00007ff829aa5000 	C:\windows\System32\RPCRT4.dll
0x00007ff8292a0000 - 0x00007ff8292a8000 	C:\windows\System32\PSAPI.DLL
0x00007ff8121e0000 - 0x00007ff812207000 	C:\windows\SYSTEM32\WINMM.dll
0x00007ff8228c0000 - 0x00007ff8228c9000 	C:\windows\SYSTEM32\WSOCK32.dll
0x00007ff829230000 - 0x00007ff82929b000 	C:\windows\System32\WS2_32.dll
0x00007ff822730000 - 0x00007ff82273a000 	C:\windows\SYSTEM32\VERSION.dll
0x00007ff825b70000 - 0x00007ff825b82000 	C:\windows\SYSTEM32\kernel.appcore.dll
0x00007ff81a0c0000 - 0x00007ff81a0d0000 	C:\Program Files\AdoptOpenJDK\jdk-11.0.9.101-hotspot\bin\verify.dll
0x00007ff8194a0000 - 0x00007ff819684000 	C:\windows\SYSTEM32\DBGHELP.DLL
0x00007ff8191f0000 - 0x00007ff81921c000 	C:\windows\SYSTEM32\dbgcore.DLL
0x00007ff827ff0000 - 0x00007ff828072000 	C:\windows\System32\bcryptPrimitives.dll
0x00007ff80c650000 - 0x00007ff80c678000 	C:\Program Files\AdoptOpenJDK\jdk-11.0.9.101-hotspot\bin\java.dll
0x00007ff818f40000 - 0x00007ff818f4a000 	C:\Program Files\AdoptOpenJDK\jdk-11.0.9.101-hotspot\bin\jimage.dll
0x00007ff80c530000 - 0x00007ff80c547000 	C:\Program Files\AdoptOpenJDK\jdk-11.0.9.101-hotspot\bin\zip.dll
0x00007ff829de0000 - 0x00007ff82a524000 	C:\windows\System32\SHELL32.dll
0x00007ff825d70000 - 0x00007ff826504000 	C:\windows\SYSTEM32\windows.storage.dll
0x00007ff828d40000 - 0x00007ff829094000 	C:\windows\System32\combase.dll
0x00007ff827630000 - 0x00007ff82765c000 	C:\windows\SYSTEM32\Wldp.dll
0x00007ff8289d0000 - 0x00007ff828a7d000 	C:\windows\System32\SHCORE.dll
0x00007ff829ab0000 - 0x00007ff829b05000 	C:\windows\System32\shlwapi.dll
0x00007ff827bd0000 - 0x00007ff827bef000 	C:\windows\SYSTEM32\profapi.dll
0x00007ff809db0000 - 0x00007ff809dc9000 	C:\Program Files\AdoptOpenJDK\jdk-11.0.9.101-hotspot\bin\net.dll
0x00007ff81e160000 - 0x00007ff81e26a000 	C:\windows\SYSTEM32\WINHTTP.dll
0x00007ff827340000 - 0x00007ff8273aa000 	C:\windows\system32\mswsock.dll
0x00007ff809b60000 - 0x00007ff809b72000 	C:\Program Files\AdoptOpenJDK\jdk-11.0.9.101-hotspot\bin\nio.dll
0x00007ff821080000 - 0x00007ff821089000 	C:\Program Files\AdoptOpenJDK\jdk-11.0.9.101-hotspot\bin\management.dll
0x00007ff80c6e0000 - 0x00007ff80c6eb000 	C:\Program Files\AdoptOpenJDK\jdk-11.0.9.101-hotspot\bin\management_ext.dll
0x00007ff8193d0000 - 0x00007ff8193e7000 	C:\windows\system32\napinsp.dll
0x00007ff80d780000 - 0x00007ff80d79b000 	C:\windows\system32\pnrpnsp.dll
0x00007ff80d540000 - 0x00007ff80d555000 	C:\windows\system32\wshbth.dll
0x00007ff822710000 - 0x00007ff82272d000 	C:\windows\system32\NLAapi.dll
0x00007ff827050000 - 0x00007ff82708b000 	C:\windows\SYSTEM32\IPHLPAPI.DLL
0x00007ff827090000 - 0x00007ff82715b000 	C:\windows\SYSTEM32\DNSAPI.dll
0x00007ff829bd0000 - 0x00007ff829bd8000 	C:\windows\System32\NSI.dll
0x00007ff80d520000 - 0x00007ff80d532000 	C:\windows\System32\winrnr.dll
0x00007ff81ffd0000 - 0x00007ff81ffda000 	C:\Windows\System32\rasadhlp.dll
0x00007ff81cde0000 - 0x00007ff81ce5f000 	C:\windows\System32\fwpuclnt.dll
0x00007ff828080000 - 0x00007ff8280a7000 	C:\windows\System32\bcrypt.dll
0x00007ff827500000 - 0x00007ff827518000 	C:\windows\SYSTEM32\CRYPTSP.dll
0x00007ff826cd0000 - 0x00007ff826d04000 	C:\windows\system32\rsaenh.dll
0x00007ff827b50000 - 0x00007ff827b7e000 	C:\windows\SYSTEM32\USERENV.dll
0x00007ff827520000 - 0x00007ff82752c000 	C:\windows\SYSTEM32\CRYPTBASE.dll
0x00007ff8223e0000 - 0x00007ff8223f7000 	C:\windows\SYSTEM32\dhcpcsvc6.DLL
0x00007ff8223c0000 - 0x00007ff8223dd000 	C:\windows\SYSTEM32\dhcpcsvc.DLL
0x00007ffffcf80000 - 0x00007ffffcfa5000 	C:\Program Files\AdoptOpenJDK\jdk-11.0.9.101-hotspot\bin\sunec.dll
0x00007ff818a50000 - 0x00007ff818a5e000 	C:\Program Files\AdoptOpenJDK\jdk-11.0.9.101-hotspot\bin\sunmscapi.dll
0x00007ff827d80000 - 0x00007ff827ed6000 	C:\windows\System32\CRYPT32.dll
0x00007ff8276a0000 - 0x00007ff8276c7000 	C:\windows\SYSTEM32\ncrypt.dll
0x00007ff827660000 - 0x00007ff82769b000 	C:\windows\SYSTEM32\NTASN1.dll

dbghelp: loaded successfully - version: 4.0.5 - missing functions: none
symbol engine: initialized successfully - sym options: 0x614 - pdb path: .;C:\Program Files\AdoptOpenJDK\jdk-11.0.9.101-hotspot\bin;C:\windows\SYSTEM32;C:\windows\WinSxS\amd64_microsoft.windows.common-controls_6595b64144ccf1df_6.0.19041.1110_none_60b5254171f9507e;C:\Program Files\AdoptOpenJDK\jdk-11.0.9.101-hotspot\bin\server

VM Arguments:
jvm_args: -Dcom.sun.management.jmxremote -Dcom.sun.management.jmxremote.port=3950 -Dcom.sun.management.jmxremote.authenticate=false -Dcom.sun.management.jmxremote.ssl=false -Djava.rmi.server.hostname=localhost -Dspring.application.admin.enabled=true -Dspring.jmx.enabled=true -Dfile.encoding=UTF-8 
java_command: utez.edu.mx.adoptame.e1.AdoptaMeE1Application
java_class_path (initial): D:\Proyectos\spring-projects\AdoptaMe_E1\target\classes;C:\Users\manum\.m2\repository\org\springframework\boot\spring-boot-starter-data-jpa\2.6.4\spring-boot-starter-data-jpa-2.6.4.jar;C:\Users\manum\.m2\repository\org\springframework\boot\spring-boot-starter-aop\2.6.4\spring-boot-starter-aop-2.6.4.jar;C:\Users\manum\.m2\repository\org\aspectj\aspectjweaver\1.9.7\aspectjweaver-1.9.7.jar;C:\Users\manum\.m2\repository\org\springframework\boot\spring-boot-starter-jdbc\2.6.4\spring-boot-starter-jdbc-2.6.4.jar;C:\Users\manum\.m2\repository\com\zaxxer\HikariCP\4.0.3\HikariCP-4.0.3.jar;C:\Users\manum\.m2\repository\org\springframework\spring-jdbc\5.3.16\spring-jdbc-5.3.16.jar;C:\Users\manum\.m2\repository\jakarta\transaction\jakarta.transaction-api\1.3.3\jakarta.transaction-api-1.3.3.jar;C:\Users\manum\.m2\repository\jakarta\persistence\jakarta.persistence-api\2.2.3\jakarta.persistence-api-2.2.3.jar;C:\Users\manum\.m2\repository\org\hibernate\hibernate-core\5.6.5.Final\hibernate-core-5.6.5.Final.jar;C:\Users\manum\.m2\repository\net\bytebuddy\byte-buddy\1.11.22\byte-buddy-1.11.22.jar;C:\Users\manum\.m2\repository\antlr\antlr\2.7.7\antlr-2.7.7.jar;C:\Users\manum\.m2\repository\org\jboss\jandex\2.4.2.Final\jandex-2.4.2.Final.jar;C:\Users\manum\.m2\repository\com\fasterxml\classmate\1.5.1\classmate-1.5.1.jar;C:\Users\manum\.m2\repository\org\hibernate\common\hibernate-commons-annotations\5.1.2.Final\hibernate-commons-annotations-5.1.2.Final.jar;C:\Users\manum\.m2\repository\org\glassfish\jaxb\jaxb-runtime\2.3.6\jaxb-runtime-2.3.6.jar;C:\Users\manum\.m2\repository\org\glassfish\jaxb\txw2\2.3.6\txw2-2.3.6.jar;C:\Users\manum\.m2\repository\com\sun\istack\istack-commons-runtime\3.0.12\istack-commons-runtime-3.0.12.jar;C:\Users\manum\.m2\repository\com\sun\activation\jakarta.activation\1.2.2\jakarta.activation-1.2.2.jar;C:\Users\manum\.m2\repository\org\springframework\data\spring-data-jpa\2.6.2\spring-data-jpa-2.6.2.jar;C:\Users\manum\.m2\repository\o
Launcher Type: SUN_STANDARD

[Global flags]
     intx CICompilerCount                          = 3                                         {product} {ergonomic}
     uint ConcGCThreads                            = 1                                         {product} {ergonomic}
     uint G1ConcRefinementThreads                  = 4                                         {product} {ergonomic}
   size_t G1HeapRegionSize                         = 1048576                                   {product} {ergonomic}
    uintx GCDrainStackTargetSize                   = 64                                        {product} {ergonomic}
   size_t InitialHeapSize                          = 234881024                                 {product} {ergonomic}
     bool ManagementServer                         = true                                      {product} {command line}
   size_t MarkStackSize                            = 4194304                                   {product} {ergonomic}
   size_t MaxHeapSize                              = 3745513472                                {product} {ergonomic}
   size_t MaxNewSize                               = 2247098368                                {product} {ergonomic}
   size_t MinHeapDeltaBytes                        = 1048576                                   {product} {ergonomic}
    uintx NonNMethodCodeHeapSize                   = 5830732                                {pd product} {ergonomic}
    uintx NonProfiledCodeHeapSize                  = 122913754                              {pd product} {ergonomic}
    uintx ProfiledCodeHeapSize                     = 122913754                              {pd product} {ergonomic}
    uintx ReservedCodeCacheSize                    = 251658240                              {pd product} {ergonomic}
     bool SegmentedCodeCache                       = true                                      {product} {ergonomic}
     bool UseCompressedClassPointers               = true                                 {lp64_product} {ergonomic}
     bool UseCompressedOops                        = true                                 {lp64_product} {ergonomic}
     bool UseG1GC                                  = true                                      {product} {ergonomic}
     bool UseLargePagesIndividualAllocation        = false                                  {pd product} {ergonomic}

Logging:
Log output configuration:
 #0: stdout all=warning uptime,level,tags
 #1: stderr all=off uptime,level,tags

Environment Variables:
JAVA_HOME=C:\Program Files\AdoptOpenJDK\jdk-11.0.9.101-hotspot
CLASSPATH=.;
PATH=C:\Python39\Scripts\;C:\Python39\;C:\Program Files\AdoptOpenJDK\jdk-11.0.9.101-hotspot\bin;C:\windows\system32;C:\windows;C:\windows\System32\Wbem;C:\windows\System32\WindowsPowerShell\v1.0\;C:\windows\System32\OpenSSH\;C:\xampp\php;C:\ProgramData\ComposerSetup\bin;C:\Go\bin;C:\MinGW\bin;C:\ProgramData\chocolatey\bin;C:\Program Files\MySQL\MySQL Server 8.0\bin;C:\Program Files\AdoptOpenJDK\jdk-11.0.9.101-hotspot\bin;C:\Program Files\PuTTY\;C:\Program Files\MongoDB\Server\4.4\bin;C:\Program Files\dotnet\;C:\Program Files\nodejs\;C:\Program Files\nomacs\bin;C:\Program Files (x86)\Microsoft Office\root\Office16;C:\Program Files (x86)\Adobe\Acrobat DC\Acrobat;C:\Program Files\Git\bin;D:\Programas\vscode-inside;C:\sonarqube\sonar-scanner-4.7.0.2747-windows\bin;C:\Program Files\Docker\Docker\resources\bin;C:\ProgramData\DockerDesktop\version-bin;C:\Program Files\MongoDB\mongodb-database-tools-windows-x86_64-100.5.2\bin;C:\Users\manum\AppData\Local\Microsoft\WindowsApps;C:\Program Files\JetBrains\IntelliJ IDEA 2020.2\bin;C:\Users\manum\AppData\Local\Programs\Microsoft VS Code\bin;C:\Users\manum\AppData\Roaming\Composer\vendor\bin;C:\Users\manum\go\bin;C:\Users\manum\.deno\bin;C:\Users\manum\AppData\Local\atom\bin;C:\Program Files\JetBrains\DataGrip 2021.1.1\bin;C:\Users\manum\AppData\Roaming\npm;C:\tools\neovim\Neovim\bin;C:\Users\manum\AppData\Local\Programs\Hyper\resources\bin;C:\Users\manum\AppData\Local\GitHubDesktop\bin;C:\Program Files\JetBrains\DataGrip 2022.1\bin;;C:\Windows\System32\WindowsPowerShell\v1.0
USERNAME=manum
OS=Windows_NT
PROCESSOR_IDENTIFIER=AMD64 Family 23 Model 24 Stepping 1, AuthenticAMD



---------------  S Y S T E M  ---------------

OS: Windows 10 , 64 bit Build 19041 (10.0.19041.1645)
OS uptime: 2 days 10:38 hours
HyperV virtualization detected

CPU:total 4 (initial active 4) (4 cores per cpu, 2 threads per core) family 23 model 24 stepping 1, cmov, cx8, fxsr, mmx, sse, sse2, sse3, ssse3, sse4.1, sse4.2, popcnt, avx, avx2, aes, clmul, mmxext, 3dnowpref, lzcnt, sse4a, ht, tsc, tscinvbit, tscinv, bmi1, bmi2, adx, sha, fma

Memory: 4k page, system-wide physical 14282M (3125M free)
TotalPageFile size 19644M (AvailPageFile size 4M)
current process WorkingSet (physical memory assigned to process): 306M, peak: 336M
current process commit charge ("private bytes"): 407M, peak: 456M

vm_info: OpenJDK 64-Bit Server VM (11.0.9.1+1) for windows-amd64 JRE (11.0.9.1+1), built on Nov 10 2020 15:18:49 by "" with MS VC++ 15.9 (VS2017)

END.
